5.4G	/exports/molepi/DCS_Leen/met_newiid2/R_01
6.2G	/exports/molepi/DCS_Leen/met_newiid2
2.6G	/exports/molepi/DCS_Leen/Metformine/Metformine
4.8G	/exports/molepi/DCS_Leen/Metformine/SU3l
1021M	/exports/molepi/DCS_Leen/Metformine/.snakemake
2.6G	/exports/molepi/DCS_Leen/Metformine/SU3
2.5G	/exports/molepi/DCS_Leen/Metformine/logs
2.9G	/exports/molepi/DCS_Leen/Metformine/SU
5.3G	/exports/molepi/DCS_Leen/Metformine/SU2
3.0G	/exports/molepi/DCS_Leen/Metformine/SU4
8.0G	/exports/molepi/DCS_Leen/Metformine/Metformine_I
52G	/exports/molepi/DCS_Leen/Metformine
2.5G	/exports/molepi/DCS_Leen/SU18feb16HbA1c/fout
7.8G	/exports/molepi/DCS_Leen/SU18feb16HbA1c/R_01
11G	/exports/molepi/DCS_Leen/SU18feb16HbA1c
6.8G	/exports/molepi/DCS_Leen/met_2feb16/R_01
7.7G	/exports/molepi/DCS_Leen/met_2feb16
6.2G	/exports/molepi/DCS_Leen/Analyses_All/R_01
7.4G	/exports/molepi/DCS_Leen/Analyses_All
7.8G	/exports/molepi/DCS_Leen/met4feb16/R_01
7.8G	/exports/molepi/DCS_Leen/met4feb16
7.7G	/exports/molepi/DCS_Leen/met_18jan16/R_01
8.8G	/exports/molepi/DCS_Leen/met_18jan16
3.9G	/exports/molepi/DCS_Leen/SU18feb16full/fout
7.7G	/exports/molepi/DCS_Leen/SU18feb16full/R_01
13G	/exports/molepi/DCS_Leen/SU18feb16full
6.8G	/exports/molepi/DCS_Leen/met23mar16_full_mono/R_01
6.8G	/exports/molepi/DCS_Leen/met23mar16_full_mono
7.8G	/exports/molepi/DCS_Leen/test_new_location_10feb16data/R_02
7.8G	/exports/molepi/DCS_Leen/test_new_location_10feb16data/R_01
17G	/exports/molepi/DCS_Leen/test_new_location_10feb16data
6.7G	/exports/molepi/DCS_Leen/met22mar16_full_model/R_01
6.7G	/exports/molepi/DCS_Leen/met22mar16_full_model
7.8G	/exports/molepi/DCS_Leen/met10feb16/R_01
8.6G	/exports/molepi/DCS_Leen/met10feb16
6.1G	/exports/molepi/DCS_Leen/met_log25jan16/R_01
6.1G	/exports/molepi/DCS_Leen/met_log25jan16
6.1G	/exports/molepi/DCS_Leen/met24mar16_full_dual/R_01
6.1G	/exports/molepi/DCS_Leen/met24mar16_full_dual
4.0G	/exports/molepi/DCS_Leen/SU2feb16/R_01
4.0G	/exports/molepi/DCS_Leen/SU2feb16
7.7G	/exports/molepi/DCS_Leen/SU18feb16full_good/R_01
8.5G	/exports/molepi/DCS_Leen/SU18feb16full_good
106M	/exports/molepi/DCS_Leen/met23mar16_nocovar_mono/R_02
106M	/exports/molepi/DCS_Leen/met23mar16_nocovar_mono/R_01
213M	/exports/molepi/DCS_Leen/met23mar16_nocovar_mono
4.7G	/exports/molepi/DCS_Leen/met23mar16_nocovar_dual/R_01
4.7G	/exports/molepi/DCS_Leen/met23mar16_nocovar_dual
28G	/exports/molepi/DCS_Leen/C-peptide_secretion/No_ISI
24G	/exports/molepi/DCS_Leen/C-peptide_secretion/No_BMI
21G	/exports/molepi/DCS_Leen/C-peptide_secretion/R_01
74G	/exports/molepi/DCS_Leen/C-peptide_secretion
5.5G	/exports/molepi/DCS_Leen/met4feb16newiid/R_01
6.3G	/exports/molepi/DCS_Leen/met4feb16newiid
40K	/exports/molepi/DCS_Leen/SU18feb16zonderduur
20G	/exports/molepi/DCS_Leen/ISIDI/No_BMI
15G	/exports/molepi/DCS_Leen/ISIDI/R_01
40G	/exports/molepi/DCS_Leen/ISIDI
6.9G	/exports/molepi/DCS_Leen/met23mar16_nocovariables/R_01
7.5G	/exports/molepi/DCS_Leen/met23mar16_nocovariables
3.4G	/exports/molepi/DCS_Leen/plink
12M	/exports/molepi/DCS_Leen/Meta-analysis/R-output
39G	/exports/molepi/DCS_Leen/Meta-analysis/C-peptide
24M	/exports/molepi/DCS_Leen/Meta-analysis/logs
1.8G	/exports/molepi/DCS_Leen/Meta-analysis/Slope_040216
43G	/exports/molepi/DCS_Leen/Meta-analysis/Completed
40K	/exports/molepi/DCS_Leen/Meta-analysis/Survival_180116
5.3G	/exports/molepi/DCS_Leen/Meta-analysis/NTR
8.0G	/exports/molepi/DCS_Leen/Meta-analysis/Slope_280116
108G	/exports/molepi/DCS_Leen/Meta-analysis
5.6G	/exports/molepi/DCS_Leen/met9feb16/R_01
6.4G	/exports/molepi/DCS_Leen/met9feb16
5.6G	/exports/molepi/DCS_Leen/met_jan16/R_01
6.7G	/exports/molepi/DCS_Leen/met_jan16
6.8G	/exports/molepi/DCS_Leen/met_2feb16v2/R_01
7.6G	/exports/molepi/DCS_Leen/met_2feb16v2
3.2G	/exports/molepi/DCS_Leen/WP2.2/Slope_Normal
2.4G	/exports/molepi/DCS_Leen/WP2.2/.snakemake
8.2M	/exports/molepi/DCS_Leen/WP2.2/.snakemake.tmp.MQ0ZHG
121G	/exports/molepi/DCS_Leen/WP2.2/Final
3.3G	/exports/molepi/DCS_Leen/WP2.2/BMI
3.5G	/exports/molepi/DCS_Leen/WP2.2/slope
2.3M	/exports/molepi/DCS_Leen/WP2.2/.snakemake.tmp.1GKXHN
5.6G	/exports/molepi/DCS_Leen/WP2.2/Survival
7.4M	/exports/molepi/DCS_Leen/WP2.2/.snakemake.tmp.SUR4P3
3.5G	/exports/molepi/DCS_Leen/WP2.2/BMI_Normal
1.8G	/exports/molepi/DCS_Leen/WP2.2/logs
1.9M	/exports/molepi/DCS_Leen/WP2.2/.snakemake.tmp.6YEQ8N
2.8G	/exports/molepi/DCS_Leen/WP2.2/slope_2
2.5M	/exports/molepi/DCS_Leen/WP2.2/.snakemake.tmp.A3XBQN
5.8G	/exports/molepi/DCS_Leen/WP2.2/Case_control
6.3M	/exports/molepi/DCS_Leen/WP2.2/.snakemake.tmp.Z2BL8F
13G	/exports/molepi/DCS_Leen/WP2.2/qt_assoc
2.8G	/exports/molepi/DCS_Leen/WP2.2/time_to_event
184G	/exports/molepi/DCS_Leen/WP2.2
59G	/exports/molepi/DCS_Leen/exISIDI/No_ISI
54G	/exports/molepi/DCS_Leen/exISIDI/No_BMI
47G	/exports/molepi/DCS_Leen/exISIDI/R_01
171G	/exports/molepi/DCS_Leen/exISIDI
172G	/exports/molepi/DCS_Leen/R_01/imputation_06
2.8G	/exports/molepi/DCS_Leen/R_01/imputation_02
104K	/exports/molepi/DCS_Leen/R_01/imputation_05
4.2G	/exports/molepi/DCS_Leen/R_01/imputation_03
294M	/exports/molepi/DCS_Leen/R_01/diag
28G	/exports/molepi/DCS_Leen/R_01/imputation_04
2.8G	/exports/molepi/DCS_Leen/R_01/imputation_00
8.1M	/exports/molepi/DCS_Leen/R_01/imputation_01
210G	/exports/molepi/DCS_Leen/R_01
8.7G	/exports/molepi/DCS_Leen/SU25jan16/R_01
9.5G	/exports/molepi/DCS_Leen/SU25jan16
1014G	/exports/molepi/DCS_Leen
