456K	/exports/molepi/DCS_Leen_HRC/rvtests/example
18M	/exports/molepi/DCS_Leen_HRC/rvtests/executable
19M	/exports/molepi/DCS_Leen_HRC/rvtests
136K	/exports/molepi/DCS_Leen_HRC/Utils
6.3M	/exports/molepi/DCS_Leen_HRC/plink2
541M	/exports/molepi/DCS_Leen_HRC/AMP_Files
26G	/exports/molepi/DCS_Leen_HRC/Results_1kG/GIANT_GLGC
1.3G	/exports/molepi/DCS_Leen_HRC/Results_1kG/GWAS1kGEmma
14G	/exports/molepi/DCS_Leen_HRC/Results_1kG/output
426G	/exports/molepi/DCS_Leen_HRC/Results_1kG
3.8G	/exports/molepi/DCS_Leen_HRC/HRC_GWAS_DCS
420M	/exports/molepi/DCS_Leen_HRC/AMP_Files2018
19G	/exports/molepi/DCS_Leen_HRC/1kG_GWAS_DCS
5.4M	/exports/molepi/DCS_Leen_HRC/Results_HRC/genconverted_files
12G	/exports/molepi/DCS_Leen_HRC/Results_HRC/GIANT
4.0G	/exports/molepi/DCS_Leen_HRC/Results_HRC/GWASGijs
20G	/exports/molepi/DCS_Leen_HRC/Results_HRC/GWASGerard
216K	/exports/molepi/DCS_Leen_HRC/Results_HRC/GWASEmma
1.8M	/exports/molepi/DCS_Leen_HRC/Results_HRC/GWAS_SV
14G	/exports/molepi/DCS_Leen_HRC/Results_HRC/output
221G	/exports/molepi/DCS_Leen_HRC/Results_HRC
840K	/exports/molepi/DCS_Leen_HRC/SurvivalGWAS_SV/.scf
2.2M	/exports/molepi/DCS_Leen_HRC/SurvivalGWAS_SV/Sample_data
8.7M	/exports/molepi/DCS_Leen_HRC/SurvivalGWAS_SV
12G	/exports/molepi/DCS_Leen_HRC/1kG_GWAS_DCS_2015_2018_DIRECT
5.0G	/exports/molepi/DCS_Leen_HRC/HRC_GWAS_DCS_2015_2018_DIRECT
3.3G	/exports/molepi/DCS_Leen_HRC/HRC_GWAS_DCS_AMP_2018
699G	/exports/molepi/DCS_Leen_HRC
