375G	/exports/molepi/DCS_GWAS_Data/001_Data/002_HRC
903G	/exports/molepi/DCS_GWAS_Data/001_Data/001_1kG
40K	/exports/molepi/DCS_GWAS_Data/001_Data/999_DCS_GWAS2018
677M	/exports/molepi/DCS_GWAS_Data/001_Data/003_Annotation
1.3T	/exports/molepi/DCS_GWAS_Data/001_Data
1.1G	/exports/molepi/DCS_GWAS_Data/000_Raw
6.3M	/exports/molepi/DCS_GWAS_Data/003_Tools/001_plink2
57M	/exports/molepi/DCS_GWAS_Data/003_Tools/005_BionicTools
19M	/exports/molepi/DCS_GWAS_Data/003_Tools/002_rvtests
8.7M	/exports/molepi/DCS_GWAS_Data/003_Tools/003_SurvivalGWAS_SV
25M	/exports/molepi/DCS_GWAS_Data/003_Tools/006_SNPtest
14M	/exports/molepi/DCS_GWAS_Data/003_Tools/vcftools_0.1.13
104K	/exports/molepi/DCS_GWAS_Data/003_Tools/004_Utils
140M	/exports/molepi/DCS_GWAS_Data/003_Tools
7.7G	/exports/molepi/DCS_GWAS_Data/002_Analyses/001_Leen
344K	/exports/molepi/DCS_GWAS_Data/002_Analyses/005_Juliette
543G	/exports/molepi/DCS_GWAS_Data/002_Analyses/004_Gerard
1.3T	/exports/molepi/DCS_GWAS_Data/002_Analyses/003_Roderick
70G	/exports/molepi/DCS_GWAS_Data/002_Analyses/002_Emma
1.9T	/exports/molepi/DCS_GWAS_Data/002_Analyses
3.2T	/exports/molepi/DCS_GWAS_Data
