3.5G	/exports/molepi/GWAS_DCS_Totaal/R_07/imputation_02
180M	/exports/molepi/GWAS_DCS_Totaal/R_07/diag
432K	/exports/molepi/GWAS_DCS_Totaal/R_07/imputation_00
4.6G	/exports/molepi/GWAS_DCS_Totaal/R_07/imputation_01
8.2G	/exports/molepi/GWAS_DCS_Totaal/R_07
7.7G	/exports/molepi/GWAS_DCS_Totaal/Iris_class4_cat/R_11
7.7G	/exports/molepi/GWAS_DCS_Totaal/Iris_class4_cat
8.8G	/exports/molepi/GWAS_DCS_Totaal/Mapje_voor_Stefan/Iris_class4_cat_age,gender,diabetesduur
61M	/exports/molepi/GWAS_DCS_Totaal/Mapje_voor_Stefan/R_02
112M	/exports/molepi/GWAS_DCS_Totaal/Mapje_voor_Stefan/R_03
8.8G	/exports/molepi/GWAS_DCS_Totaal/Mapje_voor_Stefan/Iris_class4_cat_2_age,gender
8.8G	/exports/molepi/GWAS_DCS_Totaal/Mapje_voor_Stefan/Iris_class4_cat_age_gender_diabetesduur_HbA1c_nw
7.8G	/exports/molepi/GWAS_DCS_Totaal/Mapje_voor_Stefan/Iris_class4_cat_age_gender
112M	/exports/molepi/GWAS_DCS_Totaal/Mapje_voor_Stefan/R_04
112M	/exports/molepi/GWAS_DCS_Totaal/Mapje_voor_Stefan/R_05
142M	/exports/molepi/GWAS_DCS_Totaal/Mapje_voor_Stefan/R_01
35G	/exports/molepi/GWAS_DCS_Totaal/Mapje_voor_Stefan
146M	/exports/molepi/GWAS_DCS_Totaal/R_02/diag
146M	/exports/molepi/GWAS_DCS_Totaal/R_02
8.7M	/exports/molepi/GWAS_DCS_Totaal/SelectMarkersRoderick/SubLists
8.6M	/exports/molepi/GWAS_DCS_Totaal/SelectMarkersRoderick/output
204M	/exports/molepi/GWAS_DCS_Totaal/SelectMarkersRoderick/Saved
688K	/exports/molepi/GWAS_DCS_Totaal/SelectMarkersRoderick/Nienke
945M	/exports/molepi/GWAS_DCS_Totaal/SelectMarkersRoderick
12G	/exports/molepi/GWAS_DCS_Totaal/SU_for_meta_analysis_may16/dual_with_covar
11G	/exports/molepi/GWAS_DCS_Totaal/SU_for_meta_analysis_may16/all_with_covar
9.8G	/exports/molepi/GWAS_DCS_Totaal/SU_for_meta_analysis_may16/mono_no_covar
4.7G	/exports/molepi/GWAS_DCS_Totaal/SU_for_meta_analysis_may16/EasyQC
11G	/exports/molepi/GWAS_DCS_Totaal/SU_for_meta_analysis_may16/dual_no_covar
139M	/exports/molepi/GWAS_DCS_Totaal/SU_for_meta_analysis_may16/plot
11G	/exports/molepi/GWAS_DCS_Totaal/SU_for_meta_analysis_may16/all_no_covar
4.0G	/exports/molepi/GWAS_DCS_Totaal/SU_for_meta_analysis_may16/files_for_upload
7.3G	/exports/molepi/GWAS_DCS_Totaal/SU_for_meta_analysis_may16/mono_with_covar
68G	/exports/molepi/GWAS_DCS_Totaal/SU_for_meta_analysis_may16
2.0G	/exports/molepi/GWAS_DCS_Totaal/R_03/imputation_02
104K	/exports/molepi/GWAS_DCS_Totaal/R_03/imputation_05
2.5G	/exports/molepi/GWAS_DCS_Totaal/R_03/imputation_03
297M	/exports/molepi/GWAS_DCS_Totaal/R_03/diag
34G	/exports/molepi/GWAS_DCS_Totaal/R_03/imputation_04
1.5G	/exports/molepi/GWAS_DCS_Totaal/R_03/imputation_00
8.8M	/exports/molepi/GWAS_DCS_Totaal/R_03/imputation_01
40G	/exports/molepi/GWAS_DCS_Totaal/R_03
3.5G	/exports/molepi/GWAS_DCS_Totaal/R_08/imputation_02
152M	/exports/molepi/GWAS_DCS_Totaal/R_08/diag
432K	/exports/molepi/GWAS_DCS_Totaal/R_08/imputation_00
2.7G	/exports/molepi/GWAS_DCS_Totaal/R_08/imputation_01
6.3G	/exports/molepi/GWAS_DCS_Totaal/R_08
896M	/exports/molepi/GWAS_DCS_Totaal/diagnose_leeftijd_nieuw
7.6G	/exports/molepi/GWAS_DCS_Totaal/metformin4apr16Kaixin/mono_no_covar
6.9G	/exports/molepi/GWAS_DCS_Totaal/metformin4apr16Kaixin/dual_no_covar
13G	/exports/molepi/GWAS_DCS_Totaal/metformin4apr16Kaixin/all_no_covar
7.5G	/exports/molepi/GWAS_DCS_Totaal/metformin4apr16Kaixin/mono_all_covar
11G	/exports/molepi/GWAS_DCS_Totaal/metformin4apr16Kaixin/all_covar
17G	/exports/molepi/GWAS_DCS_Totaal/metformin4apr16Kaixin/dual_all_covar
7.7G	/exports/molepi/GWAS_DCS_Totaal/metformin4apr16Kaixin/R_01
73G	/exports/molepi/GWAS_DCS_Totaal/metformin4apr16Kaixin
200K	/exports/molepi/GWAS_DCS_Totaal/CC-assoc-files
4.8G	/exports/molepi/GWAS_DCS_Totaal/R_05/imputation_02
156M	/exports/molepi/GWAS_DCS_Totaal/R_05/diag
432K	/exports/molepi/GWAS_DCS_Totaal/R_05/imputation_00
5.1G	/exports/molepi/GWAS_DCS_Totaal/R_05/imputation_01
12G	/exports/molepi/GWAS_DCS_Totaal/R_05
166G	/exports/molepi/GWAS_DCS_Totaal/AXIOM_Hoorn/GIANT
81G	/exports/molepi/GWAS_DCS_Totaal/AXIOM_Hoorn/HOORN
293G	/exports/molepi/GWAS_DCS_Totaal/AXIOM_Hoorn
82M	/exports/molepi/GWAS_DCS_Totaal/metformin_intolerance/Metf_intol_lft_gesl_PPI
12G	/exports/molepi/GWAS_DCS_Totaal/metformin_intolerance/metformin_intol_26aug16model1
880K	/exports/molepi/GWAS_DCS_Totaal/metformin_intolerance/Metf_intol_lft_gesl_Tanja_med
12G	/exports/molepi/GWAS_DCS_Totaal/metformin_intolerance/metfintolmodel4
12G	/exports/molepi/GWAS_DCS_Totaal/metformin_intolerance/metfintol26aug16model3
8.2G	/exports/molepi/GWAS_DCS_Totaal/metformin_intolerance/Metf_intol_no_covar
8.2G	/exports/molepi/GWAS_DCS_Totaal/metformin_intolerance/Metf_intol_Covar_NvL_age_sex_GFR
8.2G	/exports/molepi/GWAS_DCS_Totaal/metformin_intolerance/Metf_intol_Covar_NvL_meds_Tanja_age_sex_GFR
6.3G	/exports/molepi/GWAS_DCS_Totaal/metformin_intolerance/Metf_intol_PPI_dox_all_other
6.3G	/exports/molepi/GWAS_DCS_Totaal/metformin_intolerance/Metf_intol_Covar_NvL_meds_Tanja
176K	/exports/molepi/GWAS_DCS_Totaal/metformin_intolerance/Metf_intol_lft_gesl_all_med
8.5G	/exports/molepi/GWAS_DCS_Totaal/metformin_intolerance/metfintol_26aug16model2
81G	/exports/molepi/GWAS_DCS_Totaal/metformin_intolerance
6.4G	/exports/molepi/GWAS_DCS_Totaal/Mapje_voor_Stefan_ccassoc/R_02
6.4G	/exports/molepi/GWAS_DCS_Totaal/Mapje_voor_Stefan_ccassoc/R_03
6.5G	/exports/molepi/GWAS_DCS_Totaal/Mapje_voor_Stefan_ccassoc/R_04
6.5G	/exports/molepi/GWAS_DCS_Totaal/Mapje_voor_Stefan_ccassoc/R_05
110M	/exports/molepi/GWAS_DCS_Totaal/Mapje_voor_Stefan_ccassoc/R_01
26G	/exports/molepi/GWAS_DCS_Totaal/Mapje_voor_Stefan_ccassoc
4.1M	/exports/molepi/GWAS_DCS_Totaal/GWAMA/logs
44G	/exports/molepi/GWAS_DCS_Totaal/GWAMA
2.6G	/exports/molepi/GWAS_DCS_Totaal/R_12/imputation_02
152M	/exports/molepi/GWAS_DCS_Totaal/R_12/diag
432K	/exports/molepi/GWAS_DCS_Totaal/R_12/imputation_00
3.9G	/exports/molepi/GWAS_DCS_Totaal/R_12/imputation_01
6.5G	/exports/molepi/GWAS_DCS_Totaal/R_12
6.1G	/exports/molepi/GWAS_DCS_Totaal/Diagnose_leeftijd_Oud/R_01
7.0G	/exports/molepi/GWAS_DCS_Totaal/Diagnose_leeftijd_Oud
3.8G	/exports/molepi/GWAS_DCS_Totaal/R_11/imputation_02
138M	/exports/molepi/GWAS_DCS_Totaal/R_11/diag
432K	/exports/molepi/GWAS_DCS_Totaal/R_11/imputation_00
3.9G	/exports/molepi/GWAS_DCS_Totaal/R_11/imputation_01
7.7G	/exports/molepi/GWAS_DCS_Totaal/R_11
1.5G	/exports/molepi/GWAS_DCS_Totaal/HRC_imputation
7.4G	/exports/molepi/GWAS_DCS_Totaal/HbA1c_variance/R_03
7.3G	/exports/molepi/GWAS_DCS_Totaal/HbA1c_variance/R_04
6.9G	/exports/molepi/GWAS_DCS_Totaal/HbA1c_variance/R_05
22G	/exports/molepi/GWAS_DCS_Totaal/HbA1c_variance
1.4G	/exports/molepi/GWAS_DCS_Totaal/R_01/imputation_02
104K	/exports/molepi/GWAS_DCS_Totaal/R_01/imputation_05
2.3G	/exports/molepi/GWAS_DCS_Totaal/R_01/imputation_03
284M	/exports/molepi/GWAS_DCS_Totaal/R_01/diag
33G	/exports/molepi/GWAS_DCS_Totaal/R_01/imputation_04
1.3G	/exports/molepi/GWAS_DCS_Totaal/R_01/imputation_00
8.9M	/exports/molepi/GWAS_DCS_Totaal/R_01/imputation_01
39G	/exports/molepi/GWAS_DCS_Totaal/R_01
782G	/exports/molepi/GWAS_DCS_Totaal
