91T	/exports/molepi/
28T	/exports/molepi/users
6.6T	/exports/molepi/RNA_seq_Leen
5.3T	/exports/molepi/RAAK_GARP_RNA_Seq
3.7T	/exports/molepi/Twinlife
3.4T	/exports/molepi/Phase_HRC
3.2T	/exports/molepi/DCS_GWAS_Data
3.1T	/exports/molepi/Phase
3.0T	/exports/molepi/GoNL
2.6T	/exports/molepi/GOTO
2.2T	/exports/molepi/GWAS-GO_meta
2.0T	/exports/molepi/IKHATRI
1.8T	/exports/molepi/pcputter
1.7T	/exports/molepi/SCIMAP
1.7T	/exports/molepi/fabogaards
1.3T	/exports/molepi/MOLEPI_PROJECTS
1.2T	/exports/molepi/MiSeq-linkage-peak-chr13
1.2T	/exports/molepi/HWFS
1.1T	/exports/molepi/hgdehaan
1.1T	/exports/molepi/GWAS_endoPhenotypes
1014G	/exports/molepi/DCS_Leen
1004G	/exports/molepi/RSC_BIOS
888G	/exports/molepi/LLS
867G	/exports/molepi/other_genomes
855G	/exports/molepi/GIFT_Overlap_QC_1000G
852G	/exports/molepi/Molepi-Mstat-Projects
814G	/exports/molepi/tgehrmann
782G	/exports/molepi/GWAS_DCS_Totaal
781G	/exports/molepi/Phase_TopMed
750G	/exports/molepi/RP4-Metabolomics
736G	/exports/molepi/jjhbarkeywolf
699G	/exports/molepi/DCS_Leen_HRC
698G	/exports/molepi/SASC
693G	/exports/molepi/LLS2
638G	/exports/molepi/Steffan_HandOA
589G	/exports/molepi/LLS_Offspring_Partners_r22
571G	/exports/molepi/GARP_1000_Genomes
510G	/exports/molepi/MSXC
487G	/exports/molepi/exome
481G	/exports/molepi/imputatie1006
395G	/exports/molepi/GARP_LLS_1000_Genomes_March_2012
370G	/exports/molepi/IOP3
312G	/exports/molepi/GTEX_SummaryStats
254G	/exports/molepi/HumanVariationPanel_CEU_1000G
251G	/exports/molepi/ljgraansma
237G	/exports/molepi/referencePanels
206G	/exports/molepi/RAAK_LLS
191G	/exports/molepi/Switchbox_GENEAs
182G	/exports/molepi/dbizzarri
179G	/exports/molepi/MOLEPI_GUESTS
172G	/exports/molepi/EncodeBlueprintAnnotations
164G	/exports/molepi/BIOS_test
115G	/exports/molepi/GIFT_Overlap_QC
110G	/exports/molepi/RNAedit
105G	/exports/molepi/aandreella
80G	/exports/molepi/CpGmappings
61G	/exports/molepi/sparaschiakos
61G	/exports/molepi/GARP_1000G_pipelinetest1
53G	/exports/molepi/mtDNA
50G	/exports/molepi/Leen_3_prime_RNA_seq
42G	/exports/molepi/rgvryer
40G	/exports/molepi/JointOmics
34G	/exports/molepi/GIFT_Overlap_QC_adj_gee
30G	/exports/molepi/PROSPER_tmp
26G	/exports/molepi/LLSSEQ
23G	/exports/molepi/imoustakas_2_ljsinke
21G	/exports/molepi/bschell
15G	/exports/molepi/Danish_Twins
14G	/exports/molepi/GARP_1000G_pipelinetest
13G	/exports/molepi/Phase_X
12G	/exports/molepi/LLS_HumanMethylation450k
12G	/exports/molepi/BBMRISEQ
11G	/exports/molepi/swesselman
9.4G	/exports/molepi/RAAK_GWAS
6.4G	/exports/molepi/IVF_Nymann
6.1G	/exports/molepi/CRCdata
5.1G	/exports/molepi/MerlinStuff
5.0G	/exports/molepi/pantczak
4.3G	/exports/molepi/eQTLGen_SummaryStats
4.2G	/exports/molepi/projects
4.1G	/exports/molepi/DIRECT
2.4G	/exports/molepi/akshat
2.2G	/exports/molepi/GOTOvalidation
1.9G	/exports/molepi/mhanczar
1.7G	/exports/molepi/Exome_chip_DZS_Leen
720M	/exports/molepi/Tmwaanders
694M	/exports/molepi/disk_usage
688M	/exports/molepi/RNA_seq_yotam
533M	/exports/molepi/fos2018
464M	/exports/molepi/450k annotations
106M	/exports/molepi/DIRECT_WP2_GWAS
92M	/exports/molepi/MOBILE_RA
61M	/exports/molepi/MolEpiTools
48M	/exports/molepi/psbferreira
44M	/exports/molepi/Genic Annotations
1.7M	/exports/molepi/LTS
80K	/exports/molepi/CIFS
72K	/exports/molepi/pmklene_test
40K	/exports/molepi/.Trash-269416
40K	/exports/molepi/.Trash-269117
40K	/exports/molepi/.Trash-171130
40K	/exports/molepi/ms
40K	/exports/molepi/GARP-SNPTEST
0	/exports/molepi/.ipynb_checkpoints
