136K	/exports/molepi/MOLEPI_PROJECTS/FastingBloodProteomicEffectsOfGOTOIntervention_FatihBogaards_202402_Aging
116G	/exports/molepi/MOLEPI_PROJECTS/L85CauseOfDeathPRSs_PSBFerreira_20241911_Aging
164M	/exports/molepi/MOLEPI_PROJECTS/GeneticRiskInHealth_NielsVanDenBerg_202301_Aging
4.5G	/exports/molepi/MOLEPI_PROJECTS/LLS_Fertility_NielsvdBerg_19022024_Aging
2.6G	/exports/molepi/MOLEPI_PROJECTS/FOS_GWASday_NielsVanDenBerg_Aging
106M	/exports/molepi/MOLEPI_PROJECTS/MarijePRSwork_NielsVanDenBerg_24022025_Aging
45G	/exports/molepi/MOLEPI_PROJECTS/FamineDNAm_JazminTaeubert_202407_Epigenetics
95G	/exports/molepi/MOLEPI_PROJECTS/LongevityGeneticsGWAS_PasqualePutter_202311_Aging
657G	/exports/molepi/MOLEPI_PROJECTS/LLSCauseOfDeathPRSs_NielsVanDenBerg_202301_Aging
72K	/exports/molepi/MOLEPI_PROJECTS/EffectsOfGOTOLifestyleInterventionOnBoneMineralDensity_FatihBogaards_202402_Aging
40K	/exports/molepi/MOLEPI_PROJECTS/ExampleSharedData_JulianDekker_220901_Aging
4.3G	/exports/molepi/MOLEPI_PROJECTS/TEACHING
62M	/exports/molepi/MOLEPI_PROJECTS/MetaboHealthImprovement_NielsVanDenBerg_202411_Aging
28G	/exports/molepi/MOLEPI_PROJECTS/UKB_KerstinSchorr_202304_Aging
159G	/exports/molepi/MOLEPI_PROJECTS/TwinLife_MahnoorSulaiman_202401_Epigenetics
72K	/exports/molepi/MOLEPI_PROJECTS/ExampleProject_JulianDekker_220901_Aging
9.7G	/exports/molepi/MOLEPI_PROJECTS/ProteomicsLLS_PasqualePutter_202401_Aging
2.5M	/exports/molepi/MOLEPI_PROJECTS/FamilyLongevityScores_NielsVanDenBerg_202304_Aging
122M	/exports/molepi/MOLEPI_PROJECTS/PersonStudy_JordiMorwani_202405_Aging
5.7G	/exports/molepi/MOLEPI_PROJECTS/TwinlifeBirthWeightMSC_LauraFranken_202501_Epigenetics
155G	/exports/molepi/MOLEPI_PROJECTS/TwinlifeMSCPassaging_Laura_202506_Epigenetics
8.4M	/exports/molepi/MOLEPI_PROJECTS/PredictingMorality_NielsVanDenBerg_202301_Aging
177M	/exports/molepi/MOLEPI_PROJECTS/FOSMDSData_MTeurlings_202310_MDS
9.3M	/exports/molepi/MOLEPI_PROJECTS/XOmicsDemonstratorMetaboHealthExtremes_DBizzarri_202310_Aging
116M	/exports/molepi/MOLEPI_PROJECTS/DATASET_RELEASES
136K	/exports/molepi/MOLEPI_PROJECTS/TranscriptomicsResponseCombinedLifestyleIntervention_FatihBogaards_202402_Aging
14G	/exports/molepi/MOLEPI_PROJECTS/BBMRI_MetabolomicsRequantifiedData_QC_NielsVanDenBerg_20250624_Aging
208M	/exports/molepi/MOLEPI_PROJECTS/Lipidizer_in_IOP1_and_IOP3_MarianBeekman_202312_Aging
760M	/exports/molepi/MOLEPI_PROJECTS/Tools
1.3T	/exports/molepi/MOLEPI_PROJECTS/
