220G	/exports/molepi/DCS_Leen_Shape_it
510G	/exports/molepi/MSXC
864G	/exports/molepi/LLS_Sibs_RS_Controls_1000_Genomes
21G	/exports/molepi/bschell
4.3G	/exports/molepi/eQTLGen_SummaryStats
34G	/exports/molepi/GIFT_Overlap_QC_adj_gee
11G	/exports/molepi/swesselman
852G	/exports/molepi/Molepi-Mstat-Projects
3.2T	/exports/molepi/DCS_GWAS_Data
40G	/exports/molepi/JointOmics
781G	/exports/molepi/Phase_TopMed
15G	/exports/molepi/Danish_Twins
0	/exports/molepi/.ipynb_checkpoints
172G	/exports/molepi/EncodeBlueprintAnnotations
5.1G	/exports/molepi/MerlinStuff
954M	/exports/molepi/RNA_seq_yotam
253G	/exports/molepi/Phase_GoNL_5
1.7M	/exports/molepi/LTS
106M	/exports/molepi/DIRECT_WP2_GWAS
2.2T	/exports/molepi/GWAS-GO_meta
814G	/exports/molepi/tgehrmann
251G	/exports/molepi/ljgraansma
5.3T	/exports/molepi/RAAK_GARP_RNA_Seq
638G	/exports/molepi/Steffan_HandOA
3.1T	/exports/molepi/Phase
1.6T	/exports/molepi/SCIMAP
134M	/exports/molepi/Testfiles
4.1G	/exports/molepi/DIRECT
50G	/exports/molepi/Leen_3_prime_RNA_seq
12G	/exports/molepi/BBMRISEQ
79G	/exports/molepi/MetaboChip
2.2G	/exports/molepi/GOTOvalidation
61G	/exports/molepi/GARP_1000G_pipelinetest1
30G	/exports/molepi/LLS_Offspring_Partners_1000_Genomes_X
115G	/exports/molepi/GIFT_Overlap_QC
164G	/exports/molepi/BIOS_test
8.0T	/exports/molepi/SASC
40K	/exports/molepi/.Trash-171130
191G	/exports/molepi/Switchbox_GENEAs
395G	/exports/molepi/GARP_LLS_1000_Genomes_March_2012
867G	/exports/molepi/other_genomes
105G	/exports/molepi/aandreella
694M	/exports/molepi/disk_usage
1.7G	/exports/molepi/Exome_chip_DZS_Leen
280M	/exports/molepi/MAGENTA
14G	/exports/molepi/LLS_Nonagenarians_Partners_GEHA_X
1.7T	/exports/molepi/fabogaards
1.8T	/exports/molepi/pcputter
92M	/exports/molepi/MOBILE_RA
782G	/exports/molepi/GWAS_DCS_Totaal
944G	/exports/molepi/RSC_BIOS
20G	/exports/molepi/Survival_GWAS
214G	/exports/molepi/LLS_Nonagenarians_Partners_GEHA
23G	/exports/molepi/imoustakas_2_ljsinke
71G	/exports/molepi/GEHA_1000_Genomes
175G	/exports/molepi/MOLEPI_GUESTS
736G	/exports/molepi/jjhbarkeywolf
72K	/exports/molepi/pmklene_test
481G	/exports/molepi/imputatie1006
6.1G	/exports/molepi/CRCdata
40K	/exports/molepi/ms
1.1T	/exports/molepi/GWAS_endoPhenotypes
571G	/exports/molepi/GARP_1000_Genomes
888G	/exports/molepi/LLS
182G	/exports/molepi/dbizzarri
140G	/exports/molepi/CEPH_2
2.4G	/exports/molepi/akshat
250M	/exports/molepi/Leiden_85PLUS_Overlap_X
26G	/exports/molepi/LLSSEQ
61M	/exports/molepi/MolEpiTools
3.0T	/exports/molepi/GoNL
20G	/exports/molepi/Phase_X
36G	/exports/molepi/Direct_3.1
206G	/exports/molepi/RAAK_LLS
5.0G	/exports/molepi/pantczak
40K	/exports/molepi/GARP-SNPTEST
42G	/exports/molepi/rgvryer
1.3T	/exports/molepi/MOLEPI_PROJECTS
76G	/exports/molepi/mtDNA
1.1T	/exports/molepi/hgdehaan
699G	/exports/molepi/DCS_Leen_HRC
237G	/exports/molepi/referencePanels
312G	/exports/molepi/GTEX_SummaryStats
14G	/exports/molepi/GARP_1000G_pipelinetest
1.9G	/exports/molepi/mhanczar
37G	/exports/molepi/GEHA_French_1000_Genomes
51G	/exports/molepi/Leiden_85_plus_1000_Genomes
9.4G	/exports/molepi/RAAK_GWAS
350M	/exports/molepi/LLS_Offspring_Partners_1000_Genomes
416G	/exports/molepi/Biocrates
3.4T	/exports/molepi/Phase_HRC
693G	/exports/molepi/LLS2
6.6T	/exports/molepi/RNA_seq_Leen
143G	/exports/molepi/LLS_Offspring_Partners_GoNL_5
1.1T	/exports/molepi/LLS_Offspring_Partners_GoNL
110G	/exports/molepi/RNAedit
61G	/exports/molepi/sparaschiakos
370G	/exports/molepi/IOP3
1.2T	/exports/molepi/MiSeq-linkage-peak-chr13
277G	/exports/molepi/Phase_GoNL
40K	/exports/molepi/.Trash-269117
48M	/exports/molepi/psbferreira
4.2G	/exports/molepi/projects
720M	/exports/molepi/Tmwaanders
855G	/exports/molepi/GIFT_Overlap_QC_1000G
750G	/exports/molepi/RP4-Metabolomics
80K	/exports/molepi/CIFS
960G	/exports/molepi/HWFS
166G	/exports/molepi/LLS_Sibs_RS_Controls_GoNL_5
30G	/exports/molepi/PROSPER_tmp
254G	/exports/molepi/HumanVariationPanel_CEU_1000G
533M	/exports/molepi/fos2018
899G	/exports/molepi/LLS_Offspring_Partners_r22
80G	/exports/molepi/CpGmappings
44M	/exports/molepi/Genic Annotations
2.1G	/exports/molepi/GWAS_DCS_Totaal_X
30G	/exports/molepi/GEHA_Italy_1000_Genomes
2.0T	/exports/molepi/IKHATRI
3.7T	/exports/molepi/Twinlife
529G	/exports/molepi/Worldwide_GWAS_longevity
40K	/exports/molepi/.Trash-269416
2.6T	/exports/molepi/GOTO
464M	/exports/molepi/450k annotations
487G	/exports/molepi/exome
1014G	/exports/molepi/DCS_Leen
79G	/exports/molepi/GOTO_1000G
6.4G	/exports/molepi/IVF_Nymann
12G	/exports/molepi/LLS_HumanMethylation450k
29T	/exports/molepi/users
747M	/exports/molepi/MAGENTA_Update
36G	/exports/molepi/LLS_Sibs_Partners_Overlap
104T	/exports/molepi/
