8.1G	/exports/molepi/users/opveth
72K	/exports/molepi/users/jflecken
265M	/exports/molepi/users/Nathalie
926G	/exports/molepi/users/YFMRamos
354M	/exports/molepi/users/aakakourou-home
82G	/exports/molepi/users/mhmoed
4.9M	/exports/molepi/users/thjonkman
316G	/exports/molepi/users/dvojinovic
6.3T	/exports/molepi/users/sboehringer
633M	/exports/molepi/users/mvanhoolwerff
36G	/exports/molepi/users/wzhou
36G	/exports/molepi/users/smkielbasa
3.3G	/exports/molepi/users/stsonaka
1.5T	/exports/molepi/users/kai
14G	/exports/molepi/users/mgramatica
59G	/exports/molepi/users/ngcbloks
8.2G	/exports/molepi/users/RTISSIER
11G	/exports/molepi/users/Richard
97M	/exports/molepi/users/tgherman
778G	/exports/molepi/users/jdeelen
320K	/exports/molepi/users/R_stuff_GMI
297G	/exports/molepi/users/jjdekker1
312K	/exports/molepi/users/imartin
1.4T	/exports/molepi/users/Yanju
25G	/exports/molepi/users/bballiu
7.6G	/exports/molepi/users/mhaan
3.5G	/exports/molepi/users/Wouter
181G	/exports/molepi/users/pjvan_thof
7.7M	/exports/molepi/users/YRamos
1018G	/exports/molepi/users/phop
1.5T	/exports/molepi/users/rlmulders
170G	/exports/molepi/users/cdgrant
1.3T	/exports/molepi/users/mvaniterson
71G	/exports/molepi/users/maknickel
49G	/exports/molepi/users/selbouhaddani
203M	/exports/molepi/users/aakakourou
548G	/exports/molepi/users/ljsinke
1.7G	/exports/molepi/users/tabalan
250M	/exports/molepi/users/rcoutinhodealmeida
719M	/exports/molepi/users/strompet
40K	/exports/molepi/users/gbeumer
81G	/exports/molepi/users/ewtobi
5.7T	/exports/molepi/users/Juliette
90M	/exports/molepi/users/mtuerlings
6.4G	/exports/molepi/users/JuliaTilburg
287G	/exports/molepi/users/gmazzini
4.8G	/exports/molepi/users/madejong
1.2G	/exports/molepi/users/mhsluiskes
80K	/exports/molepi/users/rmonajemi
21G	/exports/molepi/users/gbouland
14M	/exports/molepi/users/amfuady
582G	/exports/molepi/users/ebvandenakker
2.0T	/exports/molepi/users/qhelmer
624G	/exports/molepi/users/Koen
3.9T	/exports/molepi/users/Roderick
30T	/exports/molepi/users/
