40K	/exports/archive/path-demiranda-lts
40K	/exports/archive/nier-hybridizetx
40K	/exports/archive/reum-lts
40K	/exports/archive/mm-archive
40K	/exports/archive/klim-archive
40K	/exports/archive/hg-groep-willemsvandijk
40K	/exports/archive/endo-meijer
40K	/exports/archive/path-incoming-ngs-gs
40K	/exports/archive/path-moldiag-lts
40K	/exports/archive/reuma-e-it-health-archive
40K	/exports/archive/lucid-grpzeller-archive
40K	/exports/archive/hg-muscle-aging
40K	/exports/archive/ana-cm-data
40K	/exports/archive/hg-groep-peters
160K	/exports/archive/kg-incoming-ngs-gs
40K	/exports/archive/ana-scarlab-archive
40K	/exports/archive/rse-archive
40K	/exports/archive/hem-research-gene-transfer
40K	/exports/archive/lucid-grpzeller-primary
40K	/exports/archive/hg-groep-huijbers
40K	/exports/archive/chemimm
40K	/exports/archive/kft-pgx-archive
40K	/exports/archive/ovogrowth-archive
40K	/exports/archive/hem-incoming-ngs
40K	/exports/archive/hg-groep-luijsterburg
40K	/exports/archive/kg-ngs-diagnostiek
40K	/exports/archive/fldo-storage
40K	/exports/archive/sasc-compute
40K	/exports/archive/group-thoen-data
40K	/exports/archive/ana-geijsenlab-archive
40K	/exports/archive/dermatlab-data
40K	/exports/archive/lcco-sarcoma-archief
40K	/exports/archive/hem-research-archief
40K	/exports/archive/islet-res-lts
40K	/exports/archive/lkeb-hpc-archive
40K	/exports/archive/ana-deruiterlab
40K	/exports/archive/me-lcco-aml-archive
40K	/exports/archive/hg-polyglutamine-research
40K	/exports/archive/toxicogenomics-research-lts
40K	/exports/archive/kno-shark-archief
40K	/exports/archive/hg-groep-devilee
40K	/exports/archive/hg-exon-skip
40K	/exports/archive/metapath-lumc-archive
